<?xml version="1.0" encoding="utf-8"?>
<test-run id="2" name="BankAccountTesting.dll" fullname="C:/FACULTATE/ANUL al IV-lea/Semestrul I/TAS/TAS/Tema1/BankAccountTesting/BankAccountTesting/bin/Debug/net7.0/BankAccountTesting.dll" testcasecount="11" result="Passed" start-time="2023-11-15T20:08:47.4902393Z" end-time="2023-11-15T20:08:47.5486054Z" duration="0.058322" total="11" passed="11" failed="0" inconclusive="0" skipped="0" warnings="0" asserts="12" random-seed="319653898">
  <command-line><![CDATA["C:\FACULTATE\ANUL al IV-lea\Semestrul I\TAS\TAS\Tema1\BankAccountTesting\BankAccountTesting\bin\Debug\net7.0\BankAccountTesting.dll"]]></command-line>
  <filter />
  <test-suite type="Assembly" id="1016" name="BankAccountTesting.dll" fullname="C:/FACULTATE/ANUL al IV-lea/Semestrul I/TAS/TAS/Tema1/BankAccountTesting/BankAccountTesting/bin/Debug/net7.0/BankAccountTesting.dll" runstate="Runnable" testcasecount="11" result="Passed" start-time="2023-11-15T20:08:47.4902393Z" end-time="2023-11-15T20:08:47.5486054Z" duration="0.058322" total="11" passed="11" failed="0" warnings="0" inconclusive="0" skipped="0" asserts="12">
    <environment framework-version="3.13.3.0" clr-version="7.0.11" os-version="Microsoft Windows 10.0.19045" platform="Win32NT" cwd="C:\FACULTATE\ANUL al IV-lea\Semestrul I\TAS\TAS\Tema1\BankAccountTesting\BankAccountTesting\bin\Debug\net7.0" machine-name="DESKTOP-A0UTHC2" user="dutu_" user-domain="DESKTOP-A0UTHC2" culture="en-US" uiculture="en-US" os-architecture="x64" />
    <settings>
      <setting name="WorkDirectory" value="C:\FACULTATE\ANUL al IV-lea\Semestrul I\TAS\TAS\Tema1\BankAccountTesting\BankAccountTesting\bin\Debug\net7.0" />
      <setting name="NumberOfTestWorkers" value="12" />
    </settings>
    <properties>
      <property name="_PID" value="22956" />
      <property name="_APPDOMAIN" value="BankAccountTesting" />
    </properties>
    <test-suite type="TestSuite" id="1017" name="BankAccountTesting" fullname="BankAccountTesting" runstate="Runnable" testcasecount="11" result="Passed" start-time="2023-11-15T20:08:47.4968168Z" end-time="2023-11-15T20:08:47.5485972Z" duration="0.051780" total="11" passed="11" failed="0" warnings="0" inconclusive="0" skipped="0" asserts="12">
      <test-suite type="TestFixture" id="1000" name="AccountTest" fullname="BankAccountTesting.AccountTest" classname="BankAccountTesting.AccountTest" runstate="Runnable" testcasecount="8" result="Passed" start-time="2023-11-15T20:08:47.4988008Z" end-time="2023-11-15T20:08:47.5436322Z" duration="0.044831" total="8" passed="8" failed="0" warnings="0" inconclusive="0" skipped="0" asserts="9">
        <test-case id="1001" name="TransferFunds" fullname="BankAccountTesting.AccountTest.TransferFunds" methodname="TransferFunds" classname="BankAccountTesting.AccountTest" runstate="Runnable" seed="1537640798" result="Passed" start-time="2023-11-15T20:08:47.5016294Z" end-time="2023-11-15T20:08:47.5189312Z" duration="0.017397" asserts="2">
          <properties>
            <property name="Category" value="pass" />
          </properties>
          <output><![CDATA[New balance of  is 200.
New balance of  is 150.
Transfering 100 in destination: 
New balance of  is 250.
New balance of  is 100.
]]></output>
        </test-case>
        <test-suite type="ParameterizedMethod" id="1005" name="TransferMinFunds" fullname="BankAccountTesting.AccountTest.TransferMinFunds" classname="BankAccountTesting.AccountTest" runstate="Runnable" testcasecount="3" result="Passed" start-time="2023-11-15T20:08:47.5216611Z" end-time="2023-11-15T20:08:47.5270497Z" duration="0.005389" total="3" passed="3" failed="0" warnings="0" inconclusive="0" skipped="0" asserts="3">
          <properties>
            <property name="Category" value="pass" />
          </properties>
          <test-case id="1002" name="TransferMinFunds(200,0,78)" fullname="BankAccountTesting.AccountTest.TransferMinFunds(200,0,78)" methodname="TransferMinFunds" classname="BankAccountTesting.AccountTest" runstate="Runnable" seed="422044788" result="Passed" start-time="2023-11-15T20:08:47.5219853Z" end-time="2023-11-15T20:08:47.5240627Z" duration="0.002078" asserts="1">
            <output><![CDATA[New balance of  is 200.
New balance of  is 150.
New balance of  is 200.
New balance of  is 0.
New balance of  is 78.
New balance of  is 122.
]]></output>
          </test-case>
          <test-case id="1003" name="TransferMinFunds(200,0,189)" fullname="BankAccountTesting.AccountTest.TransferMinFunds(200,0,189)" methodname="TransferMinFunds" classname="BankAccountTesting.AccountTest" runstate="Runnable" seed="717280414" result="Passed" start-time="2023-11-15T20:08:47.5241606Z" end-time="2023-11-15T20:08:47.5246785Z" duration="0.000518" asserts="1">
            <output><![CDATA[New balance of  is 200.
New balance of  is 150.
New balance of  is 200.
New balance of  is 0.
New balance of  is 189.
New balance of  is 11.
]]></output>
          </test-case>
          <test-case id="1004" name="TransferMinFunds(200,0,1)" fullname="BankAccountTesting.AccountTest.TransferMinFunds(200,0,1)" methodname="TransferMinFunds" classname="BankAccountTesting.AccountTest" runstate="Runnable" seed="832415712" result="Passed" start-time="2023-11-15T20:08:47.5247249Z" end-time="2023-11-15T20:08:47.5247929Z" duration="0.000068" asserts="1">
            <output><![CDATA[New balance of  is 200.
New balance of  is 150.
New balance of  is 200.
New balance of  is 0.
New balance of  is 1.
New balance of  is 199.
]]></output>
          </test-case>
        </test-suite>
        <test-suite type="ParameterizedMethod" id="1008" name="TransferMinFundsFail" fullname="BankAccountTesting.AccountTest.TransferMinFundsFail" classname="BankAccountTesting.AccountTest" runstate="Runnable" testcasecount="2" result="Passed" start-time="2023-11-15T20:08:47.5281085Z" end-time="2023-11-15T20:08:47.5417480Z" duration="0.013639" total="2" passed="2" failed="0" warnings="0" inconclusive="0" skipped="0" asserts="2">
          <properties>
            <property name="Category" value="fail" />
          </properties>
          <test-case id="1006" name="TransferMinFundsFail(200,150,190)" fullname="BankAccountTesting.AccountTest.TransferMinFundsFail(200,150,190)" methodname="TransferMinFundsFail" classname="BankAccountTesting.AccountTest" runstate="Runnable" seed="979775847" result="Passed" start-time="2023-11-15T20:08:47.5281509Z" end-time="2023-11-15T20:08:47.5410257Z" duration="0.012875" asserts="1">
            <output><![CDATA[New balance of  is 200.
New balance of  is 150.
New balance of  is 200.
New balance of  is 150.
]]></output>
          </test-case>
          <test-case id="1007" name="TransferMinFundsFail(200,150,345)" fullname="BankAccountTesting.AccountTest.TransferMinFundsFail(200,150,345)" methodname="TransferMinFundsFail" classname="BankAccountTesting.AccountTest" runstate="Runnable" seed="860261222" result="Passed" start-time="2023-11-15T20:08:47.5410649Z" end-time="2023-11-15T20:08:47.5416429Z" duration="0.000579" asserts="1">
            <output><![CDATA[New balance of  is 200.
New balance of  is 150.
New balance of  is 200.
New balance of  is 150.
]]></output>
          </test-case>
        </test-suite>
        <test-suite type="ParameterizedMethod" id="1011" name="TransferMinFundsNegative" fullname="BankAccountTesting.AccountTest.TransferMinFundsNegative" classname="BankAccountTesting.AccountTest" runstate="Runnable" testcasecount="2" result="Passed" start-time="2023-11-15T20:08:47.5417796Z" end-time="2023-11-15T20:08:47.5434401Z" duration="0.001661" total="2" passed="2" failed="0" warnings="0" inconclusive="0" skipped="0" asserts="2">
          <properties>
            <property name="Category" value="fail" />
          </properties>
          <test-case id="1009" name="TransferMinFundsNegative(200,150,-1)" fullname="BankAccountTesting.AccountTest.TransferMinFundsNegative(200,150,-1)" methodname="TransferMinFundsNegative" classname="BankAccountTesting.AccountTest" runstate="Runnable" seed="1840881066" result="Passed" start-time="2023-11-15T20:08:47.5418173Z" end-time="2023-11-15T20:08:47.5428243Z" duration="0.001008" asserts="1">
            <output><![CDATA[New balance of  is 200.
New balance of  is 150.
New balance of  is 200.
New balance of  is 150.
]]></output>
          </test-case>
          <test-case id="1010" name="TransferMinFundsNegative(200,150,-142)" fullname="BankAccountTesting.AccountTest.TransferMinFundsNegative(200,150,-142)" methodname="TransferMinFundsNegative" classname="BankAccountTesting.AccountTest" runstate="Runnable" seed="1404307361" result="Passed" start-time="2023-11-15T20:08:47.5428559Z" end-time="2023-11-15T20:08:47.5434140Z" duration="0.000558" asserts="1">
            <output><![CDATA[New balance of  is 200.
New balance of  is 150.
New balance of  is 200.
New balance of  is 150.
]]></output>
          </test-case>
        </test-suite>
      </test-suite>
      <test-suite type="TestFixture" id="1012" name="AnotherTestClass" fullname="BankAccountTesting.AnotherTestClass" classname="BankAccountTesting.AnotherTestClass" runstate="Runnable" testcasecount="3" result="Passed" start-time="2023-11-15T20:08:47.5454508Z" end-time="2023-11-15T20:08:47.5485610Z" duration="0.003110" total="3" passed="3" failed="0" warnings="0" inconclusive="0" skipped="0" asserts="3">
        <test-case id="1013" name="VerifyIfConstructorWorksOk" fullname="BankAccountTesting.AnotherTestClass.VerifyIfConstructorWorksOk" methodname="VerifyIfConstructorWorksOk" classname="BankAccountTesting.AnotherTestClass" runstate="Runnable" seed="2005062334" result="Passed" start-time="2023-11-15T20:08:47.5458003Z" end-time="2023-11-15T20:08:47.5464824Z" duration="0.000682" asserts="1">
          <output><![CDATA[Setup !
testAccount balance is 10.
VerifyIfConstructorWorksOk
--------Constructor method passed---------
]]></output>
        </test-case>
        <test-case id="1015" name="VerifyTransferFundsInDestination" fullname="BankAccountTesting.AnotherTestClass.VerifyTransferFundsInDestination" methodname="VerifyTransferFundsInDestination" classname="BankAccountTesting.AnotherTestClass" runstate="Runnable" seed="1441075220" result="Passed" start-time="2023-11-15T20:08:47.5465079Z" end-time="2023-11-15T20:08:47.5479499Z" duration="0.001443" asserts="1">
          <output><![CDATA[Setup !
testAccount balance is 10.
account1 balance is 100.
account2 balance is 200.

VerifyTransferFundsInDestination
Transfering 30 in destination: account2
New balance of account2 is 230.
New balance of account1 is 70.
--------------account2 has the correct balance---------------

]]></output>
        </test-case>
        <test-case id="1014" name="VerifyTransferFundsInSource" fullname="BankAccountTesting.AnotherTestClass.VerifyTransferFundsInSource" methodname="VerifyTransferFundsInSource" classname="BankAccountTesting.AnotherTestClass" runstate="Runnable" seed="908950754" result="Passed" start-time="2023-11-15T20:08:47.5479903Z" end-time="2023-11-15T20:08:47.5485168Z" duration="0.000527" asserts="1">
          <output><![CDATA[Setup !
testAccount balance is 10.
account1 balance is 100.
account2 balance is 200.

VerifyTransferFundsInSource
Transfering 30 in destination: account2
New balance of account2 is 230.
New balance of account1 is 70.
--------------account1 has the correct balance---------------

]]></output>
        </test-case>
      </test-suite>
    </test-suite>
  </test-suite>
</test-run>