<?xml version="1.0" encoding="utf-8"?>
<test-run id="2" name="StubDoublesTesting.dll" fullname="C:/FACULTATE/ANUL al IV-lea/Semestrul I/TAS/Tema2/StubDoublesTesting/StubDoublesTesting/bin/Debug/net7.0/StubDoublesTesting.dll" testcasecount="2" result="Passed" start-time="2023-11-06T11:04:05.4509665Z" end-time="2023-11-06T11:04:05.6481016Z" duration="0.197069" total="2" passed="2" failed="0" inconclusive="0" skipped="0" warnings="0" asserts="4" random-seed="643227827">
  <command-line><![CDATA["C:\FACULTATE\ANUL al IV-lea\Semestrul I\TAS\Tema2\StubDoublesTesting\StubDoublesTesting\bin\Debug\net7.0\StubDoublesTesting.dll"]]></command-line>
  <filter />
  <test-suite type="Assembly" id="1003" name="StubDoublesTesting.dll" fullname="C:/FACULTATE/ANUL al IV-lea/Semestrul I/TAS/Tema2/StubDoublesTesting/StubDoublesTesting/bin/Debug/net7.0/StubDoublesTesting.dll" runstate="Runnable" testcasecount="2" result="Passed" start-time="2023-11-06T11:04:05.4509665Z" end-time="2023-11-06T11:04:05.6481016Z" duration="0.197069" total="2" passed="2" failed="0" warnings="0" inconclusive="0" skipped="0" asserts="4">
    <environment framework-version="3.14.0.0" clr-version="7.0.11" os-version="Microsoft Windows 10.0.19045" platform="Win32NT" cwd="C:\FACULTATE\ANUL al IV-lea\Semestrul I\TAS\Tema2\StubDoublesTesting\StubDoublesTesting\bin\Debug\net7.0" machine-name="DESKTOP-A0UTHC2" user="dutu_" user-domain="DESKTOP-A0UTHC2" culture="en-US" uiculture="en-US" os-architecture="x64" />
    <settings>
      <setting name="WorkDirectory" value="C:\FACULTATE\ANUL al IV-lea\Semestrul I\TAS\Tema2\StubDoublesTesting\StubDoublesTesting\bin\Debug\net7.0" />
      <setting name="NumberOfTestWorkers" value="12" />
    </settings>
    <properties>
      <property name="_PID" value="13628" />
      <property name="_APPDOMAIN" value="StubDoublesTesting" />
    </properties>
    <test-suite type="TestSuite" id="1004" name="StubDoublesTesting" fullname="StubDoublesTesting" runstate="Runnable" testcasecount="2" result="Passed" start-time="2023-11-06T11:04:05.4600767Z" end-time="2023-11-06T11:04:05.6480864Z" duration="0.188009" total="2" passed="2" failed="0" warnings="0" inconclusive="0" skipped="0" asserts="4">
      <test-suite type="TestFixture" id="1000" name="AccountTestMockFramework" fullname="StubDoublesTesting.AccountTestMockFramework" classname="StubDoublesTesting.AccountTestMockFramework" runstate="Runnable" testcasecount="2" result="Passed" start-time="2023-11-06T11:04:05.4655957Z" end-time="2023-11-06T11:04:05.6475657Z" duration="0.181969" total="2" passed="2" failed="0" warnings="0" inconclusive="0" skipped="0" asserts="4">
        <test-case id="1001" name="TransferFunds" fullname="StubDoublesTesting.AccountTestMockFramework.TransferFunds" methodname="TransferFunds" classname="StubDoublesTesting.AccountTestMockFramework" runstate="Runnable" seed="1011283717" result="Passed" start-time="2023-11-06T11:04:05.4706452Z" end-time="2023-11-06T11:04:05.5280982Z" duration="0.057557" asserts="2">
          <properties>
            <property name="Category" value="pass" />
          </properties>
          <output><![CDATA[client_source balance is 200.
client_destination balance is 150.
Transfering 100 in destination: client_destination
New balance of client_destination is 250.
New balance of client_source is 100.
]]></output>
        </test-case>
        <test-case id="1002" name="TransferFundsFromEurAmount_MockFramework_ShouldWork" fullname="StubDoublesTesting.AccountTestMockFramework.TransferFundsFromEurAmount_MockFramework_ShouldWork" methodname="TransferFundsFromEurAmount_MockFramework_ShouldWork" classname="StubDoublesTesting.AccountTestMockFramework" runstate="Runnable" seed="385886596" result="Passed" start-time="2023-11-06T11:04:05.5323777Z" end-time="2023-11-06T11:04:05.6461572Z" duration="0.113780" asserts="2">
          <output><![CDATA[source balance is 200.
destination balance is 150.
New balance of destination is 248.
New balance of source is 102.
]]></output>
        </test-case>
      </test-suite>
    </test-suite>
  </test-suite>
</test-run>